<?xml version="1.0" encoding="UTF-8"?>
<!-- Generated by org.testng.reporters.JUnitReportReporter -->
<testsuite hostname="SAIRAM" failures="0" tests="2" name="com.Sampleselenium.TestCase.SearchText" time="0.343" errors="0" timestamp="2023-08-14T15:54:32 MST" skipped="0">
  <testcase classname="com.Sampleselenium.TestCase.SearchText" name="enterText" time="0.322"/>
  <system-out/>
  <testcase classname="com.Sampleselenium.TestCase.SearchText" name="compareTitle" time="0.021"/>
  <system-out/>
</testsuite> <!-- com.Sampleselenium.TestCase.SearchText -->
