<?xml version="1.0" encoding="UTF-8"?>
<!-- Generated by org.testng.reporters.JUnitReportReporter -->
<testsuite hostname="SAIRAM" failures="0" tests="1" name="SearchText" time="0.403" errors="0" timestamp="2023-07-08T15:31:19 MST" skipped="0">
  <testcase classname="SearchText" name="enterText" time="0.403"/>
  <system-out/>
</testsuite> <!-- SearchText -->
