<?xml version="1.0" encoding="UTF-8"?>
<!-- Generated by org.testng.reporters.JUnitReportReporter -->
<testsuite hostname="SAIRAM" failures="0" tests="2" name="com.Sampleselenium.TestCase.SearchText" time="0.393" errors="0" timestamp="2023-08-03T17:03:31 MST" skipped="0">
  <testcase classname="com.Sampleselenium.TestCase.SearchText" name="compareTitle" time="0.028"/>
  <system-out/>
  <testcase classname="com.Sampleselenium.TestCase.SearchText" name="enterText" time="0.365"/>
  <system-out/>
</testsuite> <!-- com.Sampleselenium.TestCase.SearchText -->
