<?xml version="1.0" encoding="UTF-8"?>
<!-- Generated by org.testng.reporters.JUnitReportReporter -->
<testsuite hostname="SAIRAM" failures="0" tests="1" name="StaticTable" time="26.452" errors="0" timestamp="2023-07-10T17:08:44 MST" skipped="0">
  <testcase classname="StaticTable" name="rowCount" time="26.452"/>
  <system-out/>
</testsuite> <!-- StaticTable -->
